<?xml version="1.0" encoding="UTF-8"?>
<testng-results ignored="0" total="2" passed="2" failed="0" skipped="0">
  <reporter-output>
  </reporter-output>
  <suite started-at="2023-06-12T06:04:31Z" name="Suite" finished-at="2023-06-12T06:05:58Z" duration-ms="86728">
    <groups>
    </groups>
    <test started-at="2023-06-12T06:04:31Z" name="Chrome Test" finished-at="2023-06-12T06:05:28Z" duration-ms="57308">
      <class name="DemoTesting.Demo123.TestCase1">
        <test-method is-config="true" signature="initializeSetup(java.lang.String)[pri:0, instance:DemoTesting.Demo123.TestCase1@57c03d88]" started-at="2023-06-12T06:04:31Z" name="initializeSetup" finished-at="2023-06-12T06:05:17Z" duration-ms="46186" status="PASS">
          <params>
            <param index="0">
              <value>
                <![CDATA[5555]]>
              </value>
            </param>
          </params>
          <reporter-output>
          </reporter-output>
        </test-method> <!-- initializeSetup -->
        <test-method signature="test1()[pri:0, instance:DemoTesting.Demo123.TestCase1@57c03d88]" started-at="2023-06-12T06:05:17Z" name="test1" finished-at="2023-06-12T06:05:28Z" duration-ms="11088" status="PASS">
          <reporter-output>
          </reporter-output>
        </test-method> <!-- test1 -->
      </class> <!-- DemoTesting.Demo123.TestCase1 -->
    </test> <!-- Chrome Test -->
    <test started-at="2023-06-12T06:04:31Z" name="Microsoft Edge Test" finished-at="2023-06-12T06:05:58Z" duration-ms="86728">
      <class name="DemoTesting.Demo123.TestCase1">
        <test-method is-config="true" signature="initializeSetup(java.lang.String)[pri:0, instance:DemoTesting.Demo123.TestCase1@31920ade]" started-at="2023-06-12T06:04:31Z" name="initializeSetup" finished-at="2023-06-12T06:05:27Z" duration-ms="55555" status="PASS">
          <params>
            <param index="0">
              <value>
                <![CDATA[6666]]>
              </value>
            </param>
          </params>
          <reporter-output>
          </reporter-output>
        </test-method> <!-- initializeSetup -->
        <test-method signature="test1()[pri:0, instance:DemoTesting.Demo123.TestCase1@31920ade]" started-at="2023-06-12T06:05:27Z" name="test1" finished-at="2023-06-12T06:05:58Z" duration-ms="31152" status="PASS">
          <reporter-output>
          </reporter-output>
        </test-method> <!-- test1 -->
      </class> <!-- DemoTesting.Demo123.TestCase1 -->
    </test> <!-- Microsoft Edge Test -->
  </suite> <!-- Suite -->
</testng-results>
